#
# A fatal error has been detected by the Java Runtime Environment:
#
#  EXCEPTION_ACCESS_VIOLATION (0xc0000005) at pc=0x00007ffc243f6804, pid=8012, tid=11812
#
# JRE version: Java(TM) SE Runtime Environment (17.0.2+8) (build 17.0.2+8-LTS-86)
# Java VM: Java HotSpot(TM) 64-Bit Server VM (17.0.2+8-LTS-86, mixed mode, sharing, tiered, compressed oops, compressed class ptrs, g1 gc, windows-amd64)
# Problematic frame:
# C  [ig9icd64.dll+0x156804]
#
# No core dump will be written. Minidumps are not enabled by default on client versions of Windows
#
# If you would like to submit a bug report, please visit:
#   https://bugreport.java.com/bugreport/crash.jsp
# The crash happened outside the Java Virtual Machine in native code.
# See problematic frame for where to report the bug.
#

---------------  S U M M A R Y ------------

Command Line: -Dfile.encoding=windows-1250 -Duser.country=SK -Duser.language=sk -Duser.variant com.dngames.dino.DesktopLauncher

Host: Intel(R) Core(TM) i5-8300H CPU @ 2.30GHz, 8 cores, 7G,  Windows 10 , 64 bit Build 19041 (10.0.19041.1645)
Time: Mon May  9 16:14:08 2022 Stredoeurópsky 4 bit Build 19041 (10.0.19041.1645) elapsed time: 5.666866 seconds (0d 0h 0m 5s)

---------------  T H R E A D  ---------------

Current thread (0x000001fbd1fd61b0):  JavaThread "main" [_thread_in_native, id=11812, stack(0x0000006e98a00000,0x0000006e98b00000)]

Stack: [0x0000006e98a00000,0x0000006e98b00000],  sp=0x0000006e98afe648,  free space=1017k
Native frames: (J=compiled Java code, j=interpreted, Vv=VM code, C=native code)
C  [ig9icd64.dll+0x156804]

Java frames: (J=compiled Java code, j=interpreted, Vv=VM code)
J 974  org.lwjgl.opengl.GL11C.nglDrawElements(IIIJ)V (0 bytes) @ 0x000001fbe2b5aa76 [0x000001fbe2b5aa20+0x0000000000000056]
J 972 c1 org.lwjgl.opengl.GL11C.glDrawElements(ILjava/nio/ShortBuffer;)V (16 bytes) @ 0x000001fbdb77ccfc [0x000001fbdb77cae0+0x000000000000021c]
J 977 c1 com.badlogic.gdx.backends.lwjgl3.Lwjgl3GL20.glDrawElements(IIILjava/nio/Buffer;)V (124 bytes) @ 0x000001fbdb77e99c [0x000001fbdb77dba0+0x0000000000000dfc]
J 946 c1 com.badlogic.gdx.graphics.Mesh.render(Lcom/badlogic/gdx/graphics/glutils/ShaderProgram;IIIZ)V (341 bytes) @ 0x000001fbdb7704ec [0x000001fbdb76fe20+0x00000000000006cc]
J 966 c1 com.badlogic.gdx.graphics.Mesh.render(Lcom/badlogic/gdx/graphics/glutils/ShaderProgram;III)V (14 bytes) @ 0x000001fbdb77a794 [0x000001fbdb77a720+0x0000000000000074]
J 931 c1 com.badlogic.gdx.graphics.g2d.SpriteBatch.flush()V (193 bytes) @ 0x000001fbdb76dc5c [0x000001fbdb76ce40+0x0000000000000e1c]
J 1018 c1 com.badlogic.gdx.graphics.g2d.SpriteBatch.draw(Lcom/badlogic/gdx/graphics/Texture;FFFF)V (279 bytes) @ 0x000001fbdb78e824 [0x000001fbdb78e5e0+0x0000000000000244]
J 1017 c1 com.badlogic.gdx.graphics.g2d.SpriteBatch.draw(Lcom/badlogic/gdx/graphics/Texture;FF)V (18 bytes) @ 0x000001fbdb78e0ac [0x000001fbdb78dee0+0x00000000000001cc]
j  com.dngames.dino.DinoGame.render()V+137
J 1036 c1 com.badlogic.gdx.backends.lwjgl3.Lwjgl3Window.update()Z (217 bytes) @ 0x000001fbdb796e44 [0x000001fbdb795fc0+0x0000000000000e84]
j  com.badlogic.gdx.backends.lwjgl3.Lwjgl3Application.loop()V+111
j  com.badlogic.gdx.backends.lwjgl3.Lwjgl3Application.<init>(Lcom/badlogic/gdx/ApplicationListener;Lcom/badlogic/gdx/backends/lwjgl3/Lwjgl3ApplicationConfiguration;)V+243
j  com.dngames.dino.DesktopLauncher.main([Ljava/lang/String;)V+47
v  ~StubRoutines::call_stub

siginfo: EXCEPTION_ACCESS_VIOLATION (0xc0000005), reading address 0x000001fbfbc13910


Register to memory mapping:

RIP=0x00007ffc243f6804 ig9icd64.dll
RAX=0xffffffffffffffd0 is an unknown value
RBX=0x000000000000ffff is an unknown value
RCX=0x0000000000000003 is an unknown value
RDX=0x000001fbfbc13910 is an unknown value
RSP=0x0000006e98afe648 is pointing into the stack for thread: 0x000001fbd1fd61b0
RBP=0x0000000000060000 is an unknown value
RSI=0x0000006e98afe6d0 is pointing into the stack for thread: 0x000001fbd1fd61b0
RDI=0x0 is NULL
R8 =0x0000000000000078 is an unknown value
R9 =0x0 is NULL
R10=0x000001fbf56c9584 points into unknown readable memory: 00 00 00 00
R11=0x000000000000000c is an unknown value
R12=0x0000000000000078 is an unknown value
R13=0x0000000000000006 is an unknown value
R14=0x000001fbf9eb8120 points into unknown readable memory: 0x000001fbf56c9584 | 84 95 6c f5 fb 01 00 00
R15=0x000001fbf3657bf0 points into unknown readable memory: 0x000001fbfbc13910 | 10 39 c1 fb fb 01 00 00


Registers:
RAX=0xffffffffffffffd0, RBX=0x000000000000ffff, RCX=0x0000000000000003, RDX=0x000001fbfbc13910
RSP=0x0000006e98afe648, RBP=0x0000000000060000, RSI=0x0000006e98afe6d0, RDI=0x0000000000000000
R8 =0x0000000000000078, R9 =0x0000000000000000, R10=0x000001fbf56c9584, R11=0x000000000000000c
R12=0x0000000000000078, R13=0x0000000000000006, R14=0x000001fbf9eb8120, R15=0x000001fbf3657bf0
RIP=0x00007ffc243f6804, EFLAGS=0x0000000000010207

Top of Stack: (sp=0x0000006e98afe648)
0x0000006e98afe648:   00007ffc2439ff32 000001fbf56c9584
0x0000006e98afe658:   000001fbf362d300 0000000400000000
0x0000006e98afe668:   00002e90717edf42 0000006e98afe6e0
0x0000006e98afe678:   001605c25bfd0004 0000000000000001
0x0000006e98afe688:   00007ffc246c4f29 0000000000000004
0x0000006e98afe698:   000000000000003c 000001fbf362d300
0x0000006e98afe6a8:   0000000800097e70 0000000000000001
0x0000006e98afe6b8:   000000000000003c 000001fbf362d300
0x0000006e98afe6c8:   00007ffc246c0518 0000000000000000
0x0000006e98afe6d8:   0000000000000000 0000000000001406
0x0000006e98afe6e8:   0000000000000014 000001fbf34be870
0x0000006e98afe6f8:   0000000000000000 0000000000000004
0x0000006e98afe708:   0000000800097e70 0000000000001403
0x0000006e98afe718:   00007ffc244a7277 00007ffc251ce368
0x0000006e98afe728:   00007ffc247e444e 0000006e98afe7c0
0x0000006e98afe738:   0000000000000001 0000000000000002 

Instructions: (pc=0x00007ffc243f6804)
0x00007ffc243f6704:   48 8b 84 24 88 00 00 00 89 18 48 8b 5c 24 68 48
0x00007ffc243f6714:   83 c4 50 5e c3 cc cc cc cc cc cc cc 48 89 5c 24
0x00007ffc243f6724:   08 48 89 74 24 10 48 89 7c 24 18 45 8b d8 0f b6
0x00007ffc243f6734:   c2 49 d1 eb f6 d0 33 ff 49 8b f1 4c 8b d1 bb ff
0x00007ffc243f6744:   ff 00 00 a8 01 0f 84 fe 01 00 00 0f 18 42 20 0f
0x00007ffc243f6754:   18 42 40 49 83 fb 08 0f 82 ec 01 00 00 44 8d 4a
0x00007ffc243f6764:   0f 41 83 e1 f0 44 2b ca 49 d1 e9 74 3e 4d 85 c9
0x00007ffc243f6774:   74 36 4d 8b c1 0f 1f 80 00 00 00 00 0f b7 0a 48
0x00007ffc243f6784:   83 c2 02 66 41 89 0a 0f b7 c1 49 83 c2 02 66 3b
0x00007ffc243f6794:   d9 66 0f 46 c3 66 3b f9 0f b7 d8 66 0f 43 cf 0f
0x00007ffc243f67a4:   b7 f9 49 83 e8 01 75 d4 4d 2b d9 49 83 fb 08 0f
0x00007ffc243f67b4:   82 94 01 00 00 66 0f 6f 1d ef fb 98 00 b9 00 80
0x00007ffc243f67c4:   ff ff 8d 04 19 98 66 0f 6e c8 8d 04 39 98 66 0f
0x00007ffc243f67d4:   61 c9 66 0f 70 c9 00 66 0f 6e d0 66 0f 61 d2 66
0x00007ffc243f67e4:   0f 70 d2 00 49 83 fb 10 72 50 49 8b cb 48 c1 e9
0x00007ffc243f67f4:   04 48 6b c1 f0 4c 03 d8 0f 1f 40 00 0f 18 42 40
0x00007ffc243f6804:   f3 0f 6f 02 f3 41 0f 7f 02 66 0f f9 c3 66 0f ea
0x00007ffc243f6814:   c8 66 0f ee d0 f3 0f 6f 42 10 48 83 c2 20 f3 41
0x00007ffc243f6824:   0f 7f 42 10 49 83 c2 20 66 0f f9 c3 66 0f ea c8
0x00007ffc243f6834:   66 0f ee d0 48 83 e9 01 75 c2 49 83 fb 08 72 31
0x00007ffc243f6844:   49 8b cb 48 c1 e9 03 48 6b c1 f8 4c 03 d8 f3 0f
0x00007ffc243f6854:   6f 02 48 83 c2 10 f3 41 0f 7f 02 49 83 c2 10 66
0x00007ffc243f6864:   0f f9 c3 66 0f ea c8 66 0f ee d0 48 83 e9 01 75
0x00007ffc243f6874:   dd 66 0f fd cb 66 0f fd d3 66 0f c5 c1 00 66 0f
0x00007ffc243f6884:   c5 c9 01 66 44 0f c5 c1 06 66 3b d8 66 0f 46 c3
0x00007ffc243f6894:   66 3b c1 66 0f 46 c8 66 0f c5 c1 02 66 3b c8 66
0x00007ffc243f68a4:   0f 46 c1 66 0f c5 c9 03 66 3b c1 66 0f 46 c8 66
0x00007ffc243f68b4:   0f c5 c1 04 66 3b c8 66 0f 46 c1 66 0f c5 c9 05
0x00007ffc243f68c4:   66 3b c1 66 0f 46 c8 66 41 3b c8 66 0f c5 c1 07
0x00007ffc243f68d4:   66 44 0f 46 c1 66 0f c5 ca 01 66 44 3b c0 66 41
0x00007ffc243f68e4:   0f 46 c0 0f b7 d8 66 0f c5 c2 00 66 44 0f c5 c2
0x00007ffc243f68f4:   06 66 3b f8 66 0f 43 c7 66 3b c1 66 0f 43 c8 66 


Stack slot to memory mapping:
stack at sp + 0 slots: 0x00007ffc2439ff32 ig9icd64.dll
stack at sp + 1 slots: 0x000001fbf56c9584 points into unknown readable memory: 00 00 00 00
stack at sp + 2 slots: 0x000001fbf362d300 points into unknown readable memory: 0x000001fbf3559d80 | 80 9d 55 f3 fb 01 00 00
stack at sp + 3 slots: 0x0000000400000000 is an unknown value
stack at sp + 4 slots: 0x00002e90717edf42 is an unknown value
stack at sp + 5 slots: 0x0000006e98afe6e0 is pointing into the stack for thread: 0x000001fbd1fd61b0
stack at sp + 6 slots: 0x001605c25bfd0004 is an unknown value
stack at sp + 7 slots: 0x0000000000000001 is an unknown value


---------------  P R O C E S S  ---------------

Threads class SMR info:
_java_thread_list=0x000001fbf347bdb0, length=13, elements={
0x000001fbd1fd61b0, 0x000001fbf1fa24a0, 0x000001fbf1fa3310, 0x000001fbf1fb74c0,
0x000001fbf1fbae90, 0x000001fbf1fbb840, 0x000001fbf1fbf6f0, 0x000001fbf1fc1490,
0x000001fbf1fc1f30, 0x000001fbf1fcd100, 0x000001fbf2ca51e0, 0x000001fbf2cb0da0,
0x000001fbf9df73c0
}

Java Threads: ( => current thread )
=>0x000001fbd1fd61b0 JavaThread "main" [_thread_in_native, id=11812, stack(0x0000006e98a00000,0x0000006e98b00000)]
  0x000001fbf1fa24a0 JavaThread "Reference Handler" daemon [_thread_blocked, id=14584, stack(0x0000006e99100000,0x0000006e99200000)]
  0x000001fbf1fa3310 JavaThread "Finalizer" daemon [_thread_blocked, id=2916, stack(0x0000006e99200000,0x0000006e99300000)]
  0x000001fbf1fb74c0 JavaThread "Signal Dispatcher" daemon [_thread_blocked, id=3368, stack(0x0000006e99300000,0x0000006e99400000)]
  0x000001fbf1fbae90 JavaThread "Attach Listener" daemon [_thread_blocked, id=2196, stack(0x0000006e99400000,0x0000006e99500000)]
  0x000001fbf1fbb840 JavaThread "Service Thread" daemon [_thread_blocked, id=5420, stack(0x0000006e99500000,0x0000006e99600000)]
  0x000001fbf1fbf6f0 JavaThread "Monitor Deflation Thread" daemon [_thread_blocked, id=15736, stack(0x0000006e99600000,0x0000006e99700000)]
  0x000001fbf1fc1490 JavaThread "C2 CompilerThread0" daemon [_thread_blocked, id=7680, stack(0x0000006e99700000,0x0000006e99800000)]
  0x000001fbf1fc1f30 JavaThread "C1 CompilerThread0" daemon [_thread_blocked, id=1632, stack(0x0000006e99800000,0x0000006e99900000)]
  0x000001fbf1fcd100 JavaThread "Sweeper thread" daemon [_thread_blocked, id=1284, stack(0x0000006e99900000,0x0000006e99a00000)]
  0x000001fbf2ca51e0 JavaThread "Notification Thread" daemon [_thread_blocked, id=18248, stack(0x0000006e99a00000,0x0000006e99b00000)]
  0x000001fbf2cb0da0 JavaThread "Common-Cleaner" daemon [_thread_blocked, id=16372, stack(0x0000006e99c00000,0x0000006e99d00000)]
  0x000001fbf9df73c0 JavaThread "LWJGL3 Timer" daemon [_thread_blocked, id=284, stack(0x0000006e9a800000,0x0000006e9a900000)]

Other Threads:
  0x000001fbf1f97480 VMThread "VM Thread" [stack: 0x0000006e99000000,0x0000006e99100000] [id=10612]
  0x000001fbf2cafce0 WatcherThread [stack: 0x0000006e99b00000,0x0000006e99c00000] [id=17568]
  0x000001fbd2014d10 GCTaskThread "GC Thread#0" [stack: 0x0000006e98b00000,0x0000006e98c00000] [id=15516]
  0x000001fbd2025790 ConcurrentGCThread "G1 Main Marker" [stack: 0x0000006e98c00000,0x0000006e98d00000] [id=12824]
  0x000001fbd2026940 ConcurrentGCThread "G1 Conc#0" [stack: 0x0000006e98d00000,0x0000006e98e00000] [id=4044]
  0x000001fbd20a0160 ConcurrentGCThread "G1 Refine#0" [stack: 0x0000006e98e00000,0x0000006e98f00000] [id=6516]
  0x000001fbd20a0b80 ConcurrentGCThread "G1 Service" [stack: 0x0000006e98f00000,0x0000006e99000000] [id=12760]

Threads with active compile tasks:

VM state: not at safepoint (normal execution)

VM Mutex/Monitor currently owned by a thread: None

Heap address: 0x0000000082600000, size: 2010 MB, Compressed Oops mode: 32-bit

CDS archive(s) mapped at: [0x0000000800000000-0x0000000800bc0000-0x0000000800bc0000), size 12320768, SharedBaseAddress: 0x0000000800000000, ArchiveRelocationMode: 0.
Compressed class space mapped at: 0x0000000800c00000-0x0000000840c00000, reserved size: 1073741824
Narrow klass base: 0x0000000800000000, Narrow klass shift: 0, Narrow klass range: 0x100000000

GC Precious Log:
 CPUs: 8 total, 8 available
 Memory: 8034M
 Large Page Support: Disabled
 NUMA Support: Disabled
 Compressed Oops: Enabled (32-bit)
 Heap Region Size: 1M
 Heap Min Capacity: 8M
 Heap Initial Capacity: 126M
 Heap Max Capacity: 2010M
 Pre-touch: Disabled
 Parallel Workers: 8
 Concurrent Workers: 2
 Concurrent Refinement Workers: 8
 Periodic GC: Disabled

Heap:
 garbage-first heap   total 129024K, used 20480K [0x0000000082600000, 0x0000000100000000)
  region size 1024K, 22 young (22528K), 0 survivors (0K)
 Metaspace       used 6916K, committed 7040K, reserved 1064960K
  class space    used 400K, committed 448K, reserved 1048576K

Heap Regions: E=young(eden), S=young(survivor), O=old, HS=humongous(starts), HC=humongous(continues), CS=collection set, F=free, OA=open archive, CA=closed archive, TAMS=top-at-mark-start (previous, next)
|   0|0x0000000082600000, 0x0000000082600000, 0x0000000082700000|  0%| F|  |TAMS 0x0000000082600000, 0x0000000082600000| Untracked 
|   1|0x0000000082700000, 0x0000000082700000, 0x0000000082800000|  0%| F|  |TAMS 0x0000000082700000, 0x0000000082700000| Untracked 
|   2|0x0000000082800000, 0x0000000082800000, 0x0000000082900000|  0%| F|  |TAMS 0x0000000082800000, 0x0000000082800000| Untracked 
|   3|0x0000000082900000, 0x0000000082900000, 0x0000000082a00000|  0%| F|  |TAMS 0x0000000082900000, 0x0000000082900000| Untracked 
|   4|0x0000000082a00000, 0x0000000082a00000, 0x0000000082b00000|  0%| F|  |TAMS 0x0000000082a00000, 0x0000000082a00000| Untracked 
|   5|0x0000000082b00000, 0x0000000082b00000, 0x0000000082c00000|  0%| F|  |TAMS 0x0000000082b00000, 0x0000000082b00000| Untracked 
|   6|0x0000000082c00000, 0x0000000082c00000, 0x0000000082d00000|  0%| F|  |TAMS 0x0000000082c00000, 0x0000000082c00000| Untracked 
|   7|0x0000000082d00000, 0x0000000082d00000, 0x0000000082e00000|  0%| F|  |TAMS 0x0000000082d00000, 0x0000000082d00000| Untracked 
|   8|0x0000000082e00000, 0x0000000082e00000, 0x0000000082f00000|  0%| F|  |TAMS 0x0000000082e00000, 0x0000000082e00000| Untracked 
|   9|0x0000000082f00000, 0x0000000082f00000, 0x0000000083000000|  0%| F|  |TAMS 0x0000000082f00000, 0x0000000082f00000| Untracked 
|  10|0x0000000083000000, 0x0000000083000000, 0x0000000083100000|  0%| F|  |TAMS 0x0000000083000000, 0x0000000083000000| Untracked 
|  11|0x0000000083100000, 0x0000000083100000, 0x0000000083200000|  0%| F|  |TAMS 0x0000000083100000, 0x0000000083100000| Untracked 
|  12|0x0000000083200000, 0x0000000083200000, 0x0000000083300000|  0%| F|  |TAMS 0x0000000083200000, 0x0000000083200000| Untracked 
|  13|0x0000000083300000, 0x0000000083300000, 0x0000000083400000|  0%| F|  |TAMS 0x0000000083300000, 0x0000000083300000| Untracked 
|  14|0x0000000083400000, 0x0000000083400000, 0x0000000083500000|  0%| F|  |TAMS 0x0000000083400000, 0x0000000083400000| Untracked 
|  15|0x0000000083500000, 0x0000000083500000, 0x0000000083600000|  0%| F|  |TAMS 0x0000000083500000, 0x0000000083500000| Untracked 
|  16|0x0000000083600000, 0x0000000083600000, 0x0000000083700000|  0%| F|  |TAMS 0x0000000083600000, 0x0000000083600000| Untracked 
|  17|0x0000000083700000, 0x0000000083700000, 0x0000000083800000|  0%| F|  |TAMS 0x0000000083700000, 0x0000000083700000| Untracked 
|  18|0x0000000083800000, 0x0000000083800000, 0x0000000083900000|  0%| F|  |TAMS 0x0000000083800000, 0x0000000083800000| Untracked 
|  19|0x0000000083900000, 0x0000000083900000, 0x0000000083a00000|  0%| F|  |TAMS 0x0000000083900000, 0x0000000083900000| Untracked 
|  20|0x0000000083a00000, 0x0000000083a00000, 0x0000000083b00000|  0%| F|  |TAMS 0x0000000083a00000, 0x0000000083a00000| Untracked 
|  21|0x0000000083b00000, 0x0000000083b00000, 0x0000000083c00000|  0%| F|  |TAMS 0x0000000083b00000, 0x0000000083b00000| Untracked 
|  22|0x0000000083c00000, 0x0000000083c00000, 0x0000000083d00000|  0%| F|  |TAMS 0x0000000083c00000, 0x0000000083c00000| Untracked 
|  23|0x0000000083d00000, 0x0000000083d00000, 0x0000000083e00000|  0%| F|  |TAMS 0x0000000083d00000, 0x0000000083d00000| Untracked 
|  24|0x0000000083e00000, 0x0000000083e00000, 0x0000000083f00000|  0%| F|  |TAMS 0x0000000083e00000, 0x0000000083e00000| Untracked 
|  25|0x0000000083f00000, 0x0000000083f00000, 0x0000000084000000|  0%| F|  |TAMS 0x0000000083f00000, 0x0000000083f00000| Untracked 
|  26|0x0000000084000000, 0x0000000084000000, 0x0000000084100000|  0%| F|  |TAMS 0x0000000084000000, 0x0000000084000000| Untracked 
|  27|0x0000000084100000, 0x0000000084100000, 0x0000000084200000|  0%| F|  |TAMS 0x0000000084100000, 0x0000000084100000| Untracked 
|  28|0x0000000084200000, 0x0000000084200000, 0x0000000084300000|  0%| F|  |TAMS 0x0000000084200000, 0x0000000084200000| Untracked 
|  29|0x0000000084300000, 0x0000000084300000, 0x0000000084400000|  0%| F|  |TAMS 0x0000000084300000, 0x0000000084300000| Untracked 
|  30|0x0000000084400000, 0x0000000084400000, 0x0000000084500000|  0%| F|  |TAMS 0x0000000084400000, 0x0000000084400000| Untracked 
|  31|0x0000000084500000, 0x0000000084500000, 0x0000000084600000|  0%| F|  |TAMS 0x0000000084500000, 0x0000000084500000| Untracked 
|  32|0x0000000084600000, 0x0000000084600000, 0x0000000084700000|  0%| F|  |TAMS 0x0000000084600000, 0x0000000084600000| Untracked 
|  33|0x0000000084700000, 0x0000000084700000, 0x0000000084800000|  0%| F|  |TAMS 0x0000000084700000, 0x0000000084700000| Untracked 
|  34|0x0000000084800000, 0x0000000084800000, 0x0000000084900000|  0%| F|  |TAMS 0x0000000084800000, 0x0000000084800000| Untracked 
|  35|0x0000000084900000, 0x0000000084900000, 0x0000000084a00000|  0%| F|  |TAMS 0x0000000084900000, 0x0000000084900000| Untracked 
|  36|0x0000000084a00000, 0x0000000084a00000, 0x0000000084b00000|  0%| F|  |TAMS 0x0000000084a00000, 0x0000000084a00000| Untracked 
|  37|0x0000000084b00000, 0x0000000084b00000, 0x0000000084c00000|  0%| F|  |TAMS 0x0000000084b00000, 0x0000000084b00000| Untracked 
|  38|0x0000000084c00000, 0x0000000084c00000, 0x0000000084d00000|  0%| F|  |TAMS 0x0000000084c00000, 0x0000000084c00000| Untracked 
|  39|0x0000000084d00000, 0x0000000084d00000, 0x0000000084e00000|  0%| F|  |TAMS 0x0000000084d00000, 0x0000000084d00000| Untracked 
|  40|0x0000000084e00000, 0x0000000084e00000, 0x0000000084f00000|  0%| F|  |TAMS 0x0000000084e00000, 0x0000000084e00000| Untracked 
|  41|0x0000000084f00000, 0x0000000084f00000, 0x0000000085000000|  0%| F|  |TAMS 0x0000000084f00000, 0x0000000084f00000| Untracked 
|  42|0x0000000085000000, 0x0000000085000000, 0x0000000085100000|  0%| F|  |TAMS 0x0000000085000000, 0x0000000085000000| Untracked 
|  43|0x0000000085100000, 0x0000000085100000, 0x0000000085200000|  0%| F|  |TAMS 0x0000000085100000, 0x0000000085100000| Untracked 
|  44|0x0000000085200000, 0x0000000085200000, 0x0000000085300000|  0%| F|  |TAMS 0x0000000085200000, 0x0000000085200000| Untracked 
|  45|0x0000000085300000, 0x0000000085300000, 0x0000000085400000|  0%| F|  |TAMS 0x0000000085300000, 0x0000000085300000| Untracked 
|  46|0x0000000085400000, 0x0000000085400000, 0x0000000085500000|  0%| F|  |TAMS 0x0000000085400000, 0x0000000085400000| Untracked 
|  47|0x0000000085500000, 0x0000000085500000, 0x0000000085600000|  0%| F|  |TAMS 0x0000000085500000, 0x0000000085500000| Untracked 
|  48|0x0000000085600000, 0x0000000085600000, 0x0000000085700000|  0%| F|  |TAMS 0x0000000085600000, 0x0000000085600000| Untracked 
|  49|0x0000000085700000, 0x0000000085700000, 0x0000000085800000|  0%| F|  |TAMS 0x0000000085700000, 0x0000000085700000| Untracked 
|  50|0x0000000085800000, 0x0000000085800000, 0x0000000085900000|  0%| F|  |TAMS 0x0000000085800000, 0x0000000085800000| Untracked 
|  51|0x0000000085900000, 0x0000000085900000, 0x0000000085a00000|  0%| F|  |TAMS 0x0000000085900000, 0x0000000085900000| Untracked 
|  52|0x0000000085a00000, 0x0000000085a00000, 0x0000000085b00000|  0%| F|  |TAMS 0x0000000085a00000, 0x0000000085a00000| Untracked 
|  53|0x0000000085b00000, 0x0000000085b00000, 0x0000000085c00000|  0%| F|  |TAMS 0x0000000085b00000, 0x0000000085b00000| Untracked 
|  54|0x0000000085c00000, 0x0000000085c00000, 0x0000000085d00000|  0%| F|  |TAMS 0x0000000085c00000, 0x0000000085c00000| Untracked 
|  55|0x0000000085d00000, 0x0000000085d00000, 0x0000000085e00000|  0%| F|  |TAMS 0x0000000085d00000, 0x0000000085d00000| Untracked 
|  56|0x0000000085e00000, 0x0000000085e00000, 0x0000000085f00000|  0%| F|  |TAMS 0x0000000085e00000, 0x0000000085e00000| Untracked 
|  57|0x0000000085f00000, 0x0000000085f00000, 0x0000000086000000|  0%| F|  |TAMS 0x0000000085f00000, 0x0000000085f00000| Untracked 
|  58|0x0000000086000000, 0x0000000086000000, 0x0000000086100000|  0%| F|  |TAMS 0x0000000086000000, 0x0000000086000000| Untracked 
|  59|0x0000000086100000, 0x0000000086100000, 0x0000000086200000|  0%| F|  |TAMS 0x0000000086100000, 0x0000000086100000| Untracked 
|  60|0x0000000086200000, 0x0000000086200000, 0x0000000086300000|  0%| F|  |TAMS 0x0000000086200000, 0x0000000086200000| Untracked 
|  61|0x0000000086300000, 0x0000000086300000, 0x0000000086400000|  0%| F|  |TAMS 0x0000000086300000, 0x0000000086300000| Untracked 
|  62|0x0000000086400000, 0x0000000086400000, 0x0000000086500000|  0%| F|  |TAMS 0x0000000086400000, 0x0000000086400000| Untracked 
|  63|0x0000000086500000, 0x0000000086500000, 0x0000000086600000|  0%| F|  |TAMS 0x0000000086500000, 0x0000000086500000| Untracked 
|  64|0x0000000086600000, 0x0000000086600000, 0x0000000086700000|  0%| F|  |TAMS 0x0000000086600000, 0x0000000086600000| Untracked 
|  65|0x0000000086700000, 0x0000000086700000, 0x0000000086800000|  0%| F|  |TAMS 0x0000000086700000, 0x0000000086700000| Untracked 
|  66|0x0000000086800000, 0x0000000086800000, 0x0000000086900000|  0%| F|  |TAMS 0x0000000086800000, 0x0000000086800000| Untracked 
|  67|0x0000000086900000, 0x0000000086900000, 0x0000000086a00000|  0%| F|  |TAMS 0x0000000086900000, 0x0000000086900000| Untracked 
|  68|0x0000000086a00000, 0x0000000086a00000, 0x0000000086b00000|  0%| F|  |TAMS 0x0000000086a00000, 0x0000000086a00000| Untracked 
|  69|0x0000000086b00000, 0x0000000086b00000, 0x0000000086c00000|  0%| F|  |TAMS 0x0000000086b00000, 0x0000000086b00000| Untracked 
|  70|0x0000000086c00000, 0x0000000086c00000, 0x0000000086d00000|  0%| F|  |TAMS 0x0000000086c00000, 0x0000000086c00000| Untracked 
|  71|0x0000000086d00000, 0x0000000086d00000, 0x0000000086e00000|  0%| F|  |TAMS 0x0000000086d00000, 0x0000000086d00000| Untracked 
|  72|0x0000000086e00000, 0x0000000086e00000, 0x0000000086f00000|  0%| F|  |TAMS 0x0000000086e00000, 0x0000000086e00000| Untracked 
|  73|0x0000000086f00000, 0x0000000086f00000, 0x0000000087000000|  0%| F|  |TAMS 0x0000000086f00000, 0x0000000086f00000| Untracked 
|  74|0x0000000087000000, 0x0000000087000000, 0x0000000087100000|  0%| F|  |TAMS 0x0000000087000000, 0x0000000087000000| Untracked 
|  75|0x0000000087100000, 0x0000000087100000, 0x0000000087200000|  0%| F|  |TAMS 0x0000000087100000, 0x0000000087100000| Untracked 
|  76|0x0000000087200000, 0x0000000087200000, 0x0000000087300000|  0%| F|  |TAMS 0x0000000087200000, 0x0000000087200000| Untracked 
|  77|0x0000000087300000, 0x0000000087300000, 0x0000000087400000|  0%| F|  |TAMS 0x0000000087300000, 0x0000000087300000| Untracked 
|  78|0x0000000087400000, 0x0000000087400000, 0x0000000087500000|  0%| F|  |TAMS 0x0000000087400000, 0x0000000087400000| Untracked 
|  79|0x0000000087500000, 0x0000000087500000, 0x0000000087600000|  0%| F|  |TAMS 0x0000000087500000, 0x0000000087500000| Untracked 
|  80|0x0000000087600000, 0x0000000087600000, 0x0000000087700000|  0%| F|  |TAMS 0x0000000087600000, 0x0000000087600000| Untracked 
|  81|0x0000000087700000, 0x0000000087700000, 0x0000000087800000|  0%| F|  |TAMS 0x0000000087700000, 0x0000000087700000| Untracked 
|  82|0x0000000087800000, 0x0000000087800000, 0x0000000087900000|  0%| F|  |TAMS 0x0000000087800000, 0x0000000087800000| Untracked 
|  83|0x0000000087900000, 0x0000000087900000, 0x0000000087a00000|  0%| F|  |TAMS 0x0000000087900000, 0x0000000087900000| Untracked 
|  84|0x0000000087a00000, 0x0000000087a00000, 0x0000000087b00000|  0%| F|  |TAMS 0x0000000087a00000, 0x0000000087a00000| Untracked 
|  85|0x0000000087b00000, 0x0000000087b00000, 0x0000000087c00000|  0%| F|  |TAMS 0x0000000087b00000, 0x0000000087b00000| Untracked 
|  86|0x0000000087c00000, 0x0000000087c00000, 0x0000000087d00000|  0%| F|  |TAMS 0x0000000087c00000, 0x0000000087c00000| Untracked 
|  87|0x0000000087d00000, 0x0000000087d00000, 0x0000000087e00000|  0%| F|  |TAMS 0x0000000087d00000, 0x0000000087d00000| Untracked 
|  88|0x0000000087e00000, 0x0000000087e00000, 0x0000000087f00000|  0%| F|  |TAMS 0x0000000087e00000, 0x0000000087e00000| Untracked 
|  89|0x0000000087f00000, 0x0000000087f00000, 0x0000000088000000|  0%| F|  |TAMS 0x0000000087f00000, 0x0000000087f00000| Untracked 
|  90|0x0000000088000000, 0x0000000088000000, 0x0000000088100000|  0%| F|  |TAMS 0x0000000088000000, 0x0000000088000000| Untracked 
|  91|0x0000000088100000, 0x0000000088100000, 0x0000000088200000|  0%| F|  |TAMS 0x0000000088100000, 0x0000000088100000| Untracked 
|  92|0x0000000088200000, 0x0000000088200000, 0x0000000088300000|  0%| F|  |TAMS 0x0000000088200000, 0x0000000088200000| Untracked 
|  93|0x0000000088300000, 0x0000000088300000, 0x0000000088400000|  0%| F|  |TAMS 0x0000000088300000, 0x0000000088300000| Untracked 
|  94|0x0000000088400000, 0x0000000088400000, 0x0000000088500000|  0%| F|  |TAMS 0x0000000088400000, 0x0000000088400000| Untracked 
|  95|0x0000000088500000, 0x0000000088500000, 0x0000000088600000|  0%| F|  |TAMS 0x0000000088500000, 0x0000000088500000| Untracked 
|  96|0x0000000088600000, 0x0000000088600000, 0x0000000088700000|  0%| F|  |TAMS 0x0000000088600000, 0x0000000088600000| Untracked 
|  97|0x0000000088700000, 0x0000000088700000, 0x0000000088800000|  0%| F|  |TAMS 0x0000000088700000, 0x0000000088700000| Untracked 
|  98|0x0000000088800000, 0x0000000088800000, 0x0000000088900000|  0%| F|  |TAMS 0x0000000088800000, 0x0000000088800000| Untracked 
|  99|0x0000000088900000, 0x0000000088900000, 0x0000000088a00000|  0%| F|  |TAMS 0x0000000088900000, 0x0000000088900000| Untracked 
| 100|0x0000000088a00000, 0x0000000088a00000, 0x0000000088b00000|  0%| F|  |TAMS 0x0000000088a00000, 0x0000000088a00000| Untracked 
| 101|0x0000000088b00000, 0x0000000088b00000, 0x0000000088c00000|  0%| F|  |TAMS 0x0000000088b00000, 0x0000000088b00000| Untracked 
| 102|0x0000000088c00000, 0x0000000088c00000, 0x0000000088d00000|  0%| F|  |TAMS 0x0000000088c00000, 0x0000000088c00000| Untracked 
| 103|0x0000000088d00000, 0x0000000088d00000, 0x0000000088e00000|  0%| F|  |TAMS 0x0000000088d00000, 0x0000000088d00000| Untracked 
| 104|0x0000000088e00000, 0x0000000088e76488, 0x0000000088f00000| 46%| E|  |TAMS 0x0000000088e00000, 0x0000000088e00000| Complete 
| 105|0x0000000088f00000, 0x0000000089000000, 0x0000000089000000|100%| E|CS|TAMS 0x0000000088f00000, 0x0000000088f00000| Complete 
| 106|0x0000000089000000, 0x0000000089100000, 0x0000000089100000|100%| E|CS|TAMS 0x0000000089000000, 0x0000000089000000| Complete 
| 107|0x0000000089100000, 0x0000000089200000, 0x0000000089200000|100%| E|CS|TAMS 0x0000000089100000, 0x0000000089100000| Complete 
| 108|0x0000000089200000, 0x0000000089300000, 0x0000000089300000|100%| E|CS|TAMS 0x0000000089200000, 0x0000000089200000| Complete 
| 109|0x0000000089300000, 0x0000000089400000, 0x0000000089400000|100%| E|CS|TAMS 0x0000000089300000, 0x0000000089300000| Complete 
| 110|0x0000000089400000, 0x0000000089500000, 0x0000000089500000|100%| E|CS|TAMS 0x0000000089400000, 0x0000000089400000| Complete 
| 111|0x0000000089500000, 0x0000000089600000, 0x0000000089600000|100%| E|CS|TAMS 0x0000000089500000, 0x0000000089500000| Complete 
| 112|0x0000000089600000, 0x0000000089700000, 0x0000000089700000|100%| E|CS|TAMS 0x0000000089600000, 0x0000000089600000| Complete 
| 113|0x0000000089700000, 0x0000000089800000, 0x0000000089800000|100%| E|CS|TAMS 0x0000000089700000, 0x0000000089700000| Complete 
| 114|0x0000000089800000, 0x0000000089900000, 0x0000000089900000|100%| E|CS|TAMS 0x0000000089800000, 0x0000000089800000| Complete 
| 115|0x0000000089900000, 0x0000000089a00000, 0x0000000089a00000|100%| E|CS|TAMS 0x0000000089900000, 0x0000000089900000| Complete 
| 116|0x0000000089a00000, 0x0000000089b00000, 0x0000000089b00000|100%| E|CS|TAMS 0x0000000089a00000, 0x0000000089a00000| Complete 
| 117|0x0000000089b00000, 0x0000000089c00000, 0x0000000089c00000|100%| E|CS|TAMS 0x0000000089b00000, 0x0000000089b00000| Complete 
| 118|0x0000000089c00000, 0x0000000089d00000, 0x0000000089d00000|100%| E|CS|TAMS 0x0000000089c00000, 0x0000000089c00000| Complete 
| 119|0x0000000089d00000, 0x0000000089e00000, 0x0000000089e00000|100%| E|CS|TAMS 0x0000000089d00000, 0x0000000089d00000| Complete 
| 120|0x0000000089e00000, 0x0000000089f00000, 0x0000000089f00000|100%| E|CS|TAMS 0x0000000089e00000, 0x0000000089e00000| Complete 
| 121|0x0000000089f00000, 0x000000008a000000, 0x000000008a000000|100%| E|  |TAMS 0x0000000089f00000, 0x0000000089f00000| Complete 
| 122|0x000000008a000000, 0x000000008a100000, 0x000000008a100000|100%| E|CS|TAMS 0x000000008a000000, 0x000000008a000000| Complete 
| 123|0x000000008a100000, 0x000000008a200000, 0x000000008a200000|100%| E|CS|TAMS 0x000000008a100000, 0x000000008a100000| Complete 
| 124|0x000000008a200000, 0x000000008a300000, 0x000000008a300000|100%| E|CS|TAMS 0x000000008a200000, 0x000000008a200000| Complete 
| 125|0x000000008a300000, 0x000000008a400000, 0x000000008a400000|100%| E|CS|TAMS 0x000000008a300000, 0x000000008a300000| Complete 

Card table byte_map: [0x000001fbeae80000,0x000001fbeb270000] _byte_map_base: 0x000001fbeaa6d000

Marking Bits (Prev, Next): (CMBitMap*) 0x000001fbd2015320, (CMBitMap*) 0x000001fbd2015360
 Prev Bits: [0x000001fbeb660000, 0x000001fbed5c8000)
 Next Bits: [0x000001fbed5d0000, 0x000001fbef538000)

Polling page: 0x000001fbd20b0000

Metaspace:

Usage:
  Non-class:      6.36 MB used.
      Class:    400.37 KB used.
       Both:      6.75 MB used.

Virtual space:
  Non-class space:       16.00 MB reserved,       6.44 MB ( 40%) committed,  2 nodes.
      Class space:        1.00 GB reserved,     448.00 KB ( <1%) committed,  1 nodes.
             Both:        1.02 GB reserved,       6.88 MB ( <1%) committed. 

Chunk freelists:
   Non-Class:  3.05 MB
       Class:  3.44 MB
        Both:  6.48 MB

MaxMetaspaceSize: unlimited
CompressedClassSpaceSize: 1.00 GB
Initial GC threshold: 21.00 MB
Current GC threshold: 21.00 MB
CDS: on
MetaspaceReclaimPolicy: balanced
 - commit_granule_bytes: 65536.
 - commit_granule_words: 8192.
 - virtual_space_node_default_size: 1048576.
 - enlarge_chunks_in_place: 1.
 - new_chunks_are_fully_committed: 0.
 - uncommit_free_chunks: 1.
 - use_allocation_guard: 0.
 - handle_deallocations: 1.


Internal statistics:

num_allocs_failed_limit: 0.
num_arena_births: 46.
num_arena_deaths: 0.
num_vsnodes_births: 3.
num_vsnodes_deaths: 0.
num_space_committed: 108.
num_space_uncommitted: 0.
num_chunks_returned_to_freelist: 0.
num_chunks_taken_from_freelist: 234.
num_chunk_merges: 0.
num_chunk_splits: 188.
num_chunks_enlarged: 165.
num_purges: 0.
num_inconsistent_stats: 0.

CodeHeap 'non-profiled nmethods': size=120000Kb used=388Kb max_used=388Kb free=119611Kb
 bounds [0x000001fbe2b00000, 0x000001fbe2d70000, 0x000001fbea030000]
CodeHeap 'profiled nmethods': size=120000Kb used=1837Kb max_used=1837Kb free=118162Kb
 bounds [0x000001fbdb5d0000, 0x000001fbdb840000, 0x000001fbe2b00000]
CodeHeap 'non-nmethods': size=5760Kb used=1593Kb max_used=1615Kb free=4166Kb
 bounds [0x000001fbdb030000, 0x000001fbdb2a0000, 0x000001fbdb5d0000]
 total_blobs=2063 nmethods=1043 adapters=933
 compilation: enabled
              stopped_count=0, restarted_count=0
 full_count=0

Compilation events (20 events):
Event: 5.398 Thread 0x000001fbf1fc1f30 1034       3       com.badlogic.gdx.backends.lwjgl3.audio.OpenALLwjgl3Audio::update (43 bytes)
Event: 5.399 Thread 0x000001fbf1fc1f30 nmethod 1034 0x000001fbdb795510 code [0x000001fbdb7956e0, 0x000001fbdb795b08]
Event: 5.399 Thread 0x000001fbf1fc1f30 1036   !   3       com.badlogic.gdx.backends.lwjgl3.Lwjgl3Window::update (217 bytes)
Event: 5.402 Thread 0x000001fbf1fc1f30 nmethod 1036 0x000001fbdb795c90 code [0x000001fbdb795fc0, 0x000001fbdb797408]
Event: 5.402 Thread 0x000001fbf1fc1f30 1035       3       com.badlogic.gdx.backends.lwjgl3.Lwjgl3Window::makeCurrent (72 bytes)
Event: 5.403 Thread 0x000001fbf1fc1f30 nmethod 1035 0x000001fbdb797d10 code [0x000001fbdb797ee0, 0x000001fbdb798328]
Event: 5.409 Thread 0x000001fbf1fc1f30 1037       3       com.badlogic.gdx.backends.lwjgl3.Lwjgl3Window::shouldClose (8 bytes)
Event: 5.409 Thread 0x000001fbf1fc1f30 nmethod 1037 0x000001fbdb798410 code [0x000001fbdb7985a0, 0x000001fbdb7986e8]
Event: 5.409 Thread 0x000001fbf1fc1f30 1038       3       org.lwjgl.glfw.GLFW::glfwWindowShouldClose (29 bytes)
Event: 5.409 Thread 0x000001fbf1fc1f30 nmethod 1038 0x000001fbdb798790 code [0x000001fbdb798960, 0x000001fbdb798c58]
Event: 5.465 Thread 0x000001fbf1fc1f30 1042       3       com.badlogic.gdx.utils.Pools::freeAll (90 bytes)
Event: 5.467 Thread 0x000001fbf1fc1f30 nmethod 1042 0x000001fbdb798d90 code [0x000001fbdb798fa0, 0x000001fbdb799718]
Event: 5.467 Thread 0x000001fbf1fc1f30 1039       3       com.badlogic.gdx.graphics.g2d.BitmapFontCache::addText (56 bytes)
Event: 5.467 Thread 0x000001fbf1fc1f30 nmethod 1039 0x000001fbdb799a10 code [0x000001fbdb799c20, 0x000001fbdb79a298]
Event: 5.468 Thread 0x000001fbf1fc1f30 1040       3       com.badlogic.gdx.utils.Pools::obtain (8 bytes)
Event: 5.468 Thread 0x000001fbf1fc1f30 nmethod 1040 0x000001fbdb79a590 code [0x000001fbdb79a760, 0x000001fbdb79aaa8]
Event: 5.468 Thread 0x000001fbf1fc1f30 1041       3       com.badlogic.gdx.graphics.g2d.BitmapFontCache::addText (19 bytes)
Event: 5.468 Thread 0x000001fbf1fc1f30 nmethod 1041 0x000001fbdb79ac10 code [0x000001fbdb79adc0, 0x000001fbdb79af08]
Event: 5.468 Thread 0x000001fbf1fc1f30 1043       3       com.badlogic.gdx.graphics.g2d.BitmapFontCache::addText (20 bytes)
Event: 5.469 Thread 0x000001fbf1fc1f30 nmethod 1043 0x000001fbdb79b010 code [0x000001fbdb79b1c0, 0x000001fbdb79b418]

GC Heap History (0 events):
No events

Deoptimization events (20 events):
Event: 0.285 Thread 0x000001fbd1fd61b0 DEOPT PACKING pc=0x000001fbe2b0d540 sp=0x0000006e98afb6a0
Event: 0.285 Thread 0x000001fbd1fd61b0 DEOPT UNPACKING pc=0x000001fbdb0823a3 sp=0x0000006e98afb628 mode 2
Event: 0.675 Thread 0x000001fbd1fd61b0 DEOPT PACKING pc=0x000001fbdb5f92be sp=0x0000006e98afaa70
Event: 0.675 Thread 0x000001fbd1fd61b0 DEOPT UNPACKING pc=0x000001fbdb082b43 sp=0x0000006e98af9ee8 mode 0
Event: 0.879 Thread 0x000001fbd1fd61b0 DEOPT PACKING pc=0x000001fbdb5ffe7e sp=0x0000006e98afd750
Event: 0.879 Thread 0x000001fbd1fd61b0 DEOPT UNPACKING pc=0x000001fbdb082b43 sp=0x0000006e98afcbc0 mode 0
Event: 0.944 Thread 0x000001fbd1fd61b0 Uncommon trap: trap_request=0xffffff54 fr.pc=0x000001fbe2b322e0 relative=0x0000000000000060
Event: 0.944 Thread 0x000001fbd1fd61b0 Uncommon trap: reason=speculate_null_assert action=make_not_entrant pc=0x000001fbe2b322e0 method=sun.misc.Unsafe.putLong(Ljava/lang/Object;JJ)V @ 7 c2
Event: 0.944 Thread 0x000001fbd1fd61b0 DEOPT PACKING pc=0x000001fbe2b322e0 sp=0x0000006e98afe9a0
Event: 0.944 Thread 0x000001fbd1fd61b0 DEOPT UNPACKING pc=0x000001fbdb0823a3 sp=0x0000006e98afe918 mode 2
Event: 0.955 Thread 0x000001fbd1fd61b0 Uncommon trap: trap_request=0xffffff5c fr.pc=0x000001fbe2b35fd8 relative=0x0000000000000058
Event: 0.955 Thread 0x000001fbd1fd61b0 Uncommon trap: reason=speculate_null_check action=make_not_entrant pc=0x000001fbe2b35fd8 method=sun.misc.Unsafe.getLong(Ljava/lang/Object;J)J @ 5 c2
Event: 0.955 Thread 0x000001fbd1fd61b0 DEOPT PACKING pc=0x000001fbe2b35fd8 sp=0x0000006e98afeaf0
Event: 0.955 Thread 0x000001fbd1fd61b0 DEOPT UNPACKING pc=0x000001fbdb0823a3 sp=0x0000006e98afea68 mode 2
Event: 1.082 Thread 0x000001fbd1fd61b0 Uncommon trap: trap_request=0xffffff45 fr.pc=0x000001fbe2b34e0c relative=0x0000000000000f8c
Event: 1.082 Thread 0x000001fbd1fd61b0 Uncommon trap: reason=unstable_if action=reinterpret pc=0x000001fbe2b34e0c method=java.util.HashMap.putVal(ILjava/lang/Object;Ljava/lang/Object;ZZ)Ljava/lang/Object; @ 69 c2
Event: 1.082 Thread 0x000001fbd1fd61b0 DEOPT PACKING pc=0x000001fbe2b34e0c sp=0x0000006e98afeaa0
Event: 1.082 Thread 0x000001fbd1fd61b0 DEOPT UNPACKING pc=0x000001fbdb0823a3 sp=0x0000006e98afea40 mode 2
Event: 4.648 Thread 0x000001fbd1fd61b0 DEOPT PACKING pc=0x000001fbdb7617be sp=0x0000006e98afee00
Event: 4.648 Thread 0x000001fbd1fd61b0 DEOPT UNPACKING pc=0x000001fbdb082b43 sp=0x0000006e98afe348 mode 0

Classes unloaded (0 events):
No events

Classes redefined (0 events):
No events

Internal exceptions (18 events):
Event: 0.232 Thread 0x000001fbd1fd61b0 Exception <a 'java/lang/NoSuchMethodError'{0x0000000089ffe7f0}: 'java.lang.Object java.lang.invoke.DirectMethodHandle$Holder.invokeStaticInit(java.lang.Object)'> (0x0000000089ffe7f0) 
thrown [t:\workspace\open\src\hotspot\share\interpreter\linkResolver.cpp, line 766]
Event: 0.244 Thread 0x000001fbd1fd61b0 Exception <a 'java/lang/NoSuchMethodError'{0x0000000089e6c398}: 'void java.lang.invoke.DirectMethodHandle$Holder.invokeStatic(java.lang.Object, java.lang.Object)'> (0x0000000089e6c398) 
thrown [t:\workspace\open\src\hotspot\share\interpreter\linkResolver.cpp, line 766]
Event: 0.245 Thread 0x000001fbd1fd61b0 Exception <a 'java/lang/NoSuchMethodError'{0x0000000089e71be0}: 'void java.lang.invoke.DirectMethodHandle$Holder.invokeSpecial(java.lang.Object, java.lang.Object, java.lang.Object)'> (0x0000000089e71be0) 
thrown [t:\workspace\open\src\hotspot\share\interpreter\linkResolver.cpp, line 766]
Event: 0.248 Thread 0x000001fbd1fd61b0 Exception <a 'java/lang/NoSuchMethodError'{0x0000000089e852f0}: 'java.lang.Object java.lang.invoke.DirectMethodHandle$Holder.invokeStatic(java.lang.Object, java.lang.Object, int)'> (0x0000000089e852f0) 
thrown [t:\workspace\open\src\hotspot\share\interpreter\linkResolver.cpp, line 766]
Event: 0.249 Thread 0x000001fbd1fd61b0 Exception <a 'java/lang/NoSuchMethodError'{0x0000000089e91060}: 'void java.lang.invoke.DelegatingMethodHandle$Holder.delegate(java.lang.Object, java.lang.Object, int, java.lang.Object)'> (0x0000000089e91060) 
thrown [t:\workspace\open\src\hotspot\share\interpreter\linkResolver.cpp, line 766]
Event: 0.250 Thread 0x000001fbd1fd61b0 Exception <a 'java/lang/NoSuchMethodError'{0x0000000089e952a0}: 'int java.lang.invoke.DirectMethodHandle$Holder.invokeSpecial(java.lang.Object, java.lang.Object, java.lang.Object)'> (0x0000000089e952a0) 
thrown [t:\workspace\open\src\hotspot\share\interpreter\linkResolver.cpp, line 766]
Event: 0.285 Thread 0x000001fbd1fd61b0 Exception <a 'sun/nio/fs/WindowsException'{0x0000000089d3cc68}> (0x0000000089d3cc68) 
thrown [t:\workspace\open\src\hotspot\share\prims\jni.cpp, line 516]
Event: 0.286 Thread 0x000001fbd1fd61b0 Exception <a 'sun/nio/fs/WindowsException'{0x0000000089d3d1b8}> (0x0000000089d3d1b8) 
thrown [t:\workspace\open\src\hotspot\share\prims\jni.cpp, line 516]
Event: 0.316 Thread 0x000001fbd1fd61b0 Exception <a 'sun/nio/fs/WindowsException'{0x0000000089c286f8}> (0x0000000089c286f8) 
thrown [t:\workspace\open\src\hotspot\share\prims\jni.cpp, line 516]
Event: 0.316 Thread 0x000001fbd1fd61b0 Exception <a 'sun/nio/fs/WindowsException'{0x0000000089c28a88}> (0x0000000089c28a88) 
thrown [t:\workspace\open\src\hotspot\share\prims\jni.cpp, line 516]
Event: 0.339 Thread 0x000001fbd1fd61b0 Exception <a 'sun/nio/fs/WindowsException'{0x0000000089cd7758}> (0x0000000089cd7758) 
thrown [t:\workspace\open\src\hotspot\share\prims\jni.cpp, line 516]
Event: 0.339 Thread 0x000001fbd1fd61b0 Exception <a 'sun/nio/fs/WindowsException'{0x0000000089cd7ab8}> (0x0000000089cd7ab8) 
thrown [t:\workspace\open\src\hotspot\share\prims\jni.cpp, line 516]
Event: 0.391 Thread 0x000001fbd1fd61b0 Exception <a 'sun/nio/fs/WindowsException'{0x0000000089b5e600}> (0x0000000089b5e600) 
thrown [t:\workspace\open\src\hotspot\share\prims\jni.cpp, line 516]
Event: 0.391 Thread 0x000001fbd1fd61b0 Exception <a 'sun/nio/fs/WindowsException'{0x0000000089b5e980}> (0x0000000089b5e980) 
thrown [t:\workspace\open\src\hotspot\share\prims\jni.cpp, line 516]
Event: 0.781 Thread 0x000001fbd1fd61b0 Exception <a 'sun/nio/fs/WindowsException'{0x00000000899469f0}> (0x00000000899469f0) 
thrown [t:\workspace\open\src\hotspot\share\prims\jni.cpp, line 516]
Event: 0.781 Thread 0x000001fbd1fd61b0 Exception <a 'sun/nio/fs/WindowsException'{0x0000000089946d98}> (0x0000000089946d98) 
thrown [t:\workspace\open\src\hotspot\share\prims\jni.cpp, line 516]
Event: 0.784 Thread 0x000001fbd1fd61b0 Exception <a 'sun/nio/fs/WindowsException'{0x0000000089953368}> (0x0000000089953368) 
thrown [t:\workspace\open\src\hotspot\share\prims\jni.cpp, line 516]
Event: 0.784 Thread 0x000001fbd1fd61b0 Exception <a 'sun/nio/fs/WindowsException'{0x0000000089953648}> (0x0000000089953648) 
thrown [t:\workspace\open\src\hotspot\share\prims\jni.cpp, line 516]

VM Operations (16 events):
Event: 0.104 Executing VM operation: HandshakeAllThreads
Event: 0.104 Executing VM operation: HandshakeAllThreads done
Event: 0.201 Executing VM operation: HandshakeAllThreads
Event: 0.201 Executing VM operation: HandshakeAllThreads done
Event: 0.247 Executing VM operation: HandshakeAllThreads
Event: 0.247 Executing VM operation: HandshakeAllThreads done
Event: 0.660 Executing VM operation: HandshakeAllThreads
Event: 0.660 Executing VM operation: HandshakeAllThreads done
Event: 0.956 Executing VM operation: HandshakeAllThreads
Event: 0.956 Executing VM operation: HandshakeAllThreads done
Event: 1.964 Executing VM operation: Cleanup
Event: 1.965 Executing VM operation: Cleanup done
Event: 3.965 Executing VM operation: Cleanup
Event: 3.966 Executing VM operation: Cleanup done
Event: 4.966 Executing VM operation: Cleanup
Event: 4.966 Executing VM operation: Cleanup done

Events (20 events):
Event: 0.811 loading class java/util/spi/ResourceBundleProvider done
Event: 0.811 loading class sun/util/resources/LocaleData$LocaleDataResourceBundleProvider done
Event: 0.811 loading class sun/util/resources/LocaleData$CommonResourceBundleProvider done
Event: 0.811 loading class sun/util/resources/Bundles$2
Event: 0.811 loading class sun/util/resources/Bundles$2 done
Event: 0.824 Thread 0x000001fbf9bc84c0 Thread added: 0x000001fbf9bc84c0
Event: 0.956 loading class java/lang/NumberFormatException
Event: 0.956 loading class java/lang/NumberFormatException done
Event: 1.031 loading class java/util/NoSuchElementException
Event: 1.031 loading class java/util/NoSuchElementException done
Event: 1.036 loading class java/io/UnsupportedEncodingException
Event: 1.036 loading class java/io/UnsupportedEncodingException done
Event: 1.087 loading class java/util/regex/Pattern$1
Event: 1.087 loading class java/util/regex/Pattern$1 done
Event: 1.154 loading class java/lang/SecurityException
Event: 1.154 loading class java/lang/SecurityException done
Event: 1.154 loading class java/lang/reflect/InvocationTargetException
Event: 1.155 loading class java/lang/reflect/InvocationTargetException done
Event: 1.165 Thread 0x000001fbf9df73c0 Thread added: 0x000001fbf9df73c0
Event: 1.332 Thread 0x000001fbf9bc84c0 Thread exited: 0x000001fbf9bc84c0


Dynamic libraries:
0x00007ff648e20000 - 0x00007ff648e30000 	C:\Program Files\Java\jdk-17.0.2\bin\java.exe
0x00007ffc6aa30000 - 0x00007ffc6ac25000 	C:\WINDOWS\SYSTEM32\ntdll.dll
0x00007ffc6a190000 - 0x00007ffc6a24e000 	C:\WINDOWS\System32\KERNEL32.DLL
0x00007ffc68790000 - 0x00007ffc68a58000 	C:\WINDOWS\System32\KERNELBASE.dll
0x00007ffc68440000 - 0x00007ffc68540000 	C:\WINDOWS\System32\ucrtbase.dll
0x00007ffc5da80000 - 0x00007ffc5da9a000 	C:\Program Files\Java\jdk-17.0.2\bin\VCRUNTIME140.dll
0x00007ffc61fd0000 - 0x00007ffc61fe8000 	C:\Program Files\Java\jdk-17.0.2\bin\jli.dll
0x00007ffc68fd0000 - 0x00007ffc6907e000 	C:\WINDOWS\System32\ADVAPI32.dll
0x00007ffc692d0000 - 0x00007ffc6936e000 	C:\WINDOWS\System32\msvcrt.dll
0x00007ffc68c90000 - 0x00007ffc68d2c000 	C:\WINDOWS\System32\sechost.dll
0x00007ffc6a3f0000 - 0x00007ffc6a515000 	C:\WINDOWS\System32\RPCRT4.dll
0x00007ffc6a250000 - 0x00007ffc6a3f0000 	C:\WINDOWS\System32\USER32.dll
0x00007ffc67570000 - 0x00007ffc6780a000 	C:\WINDOWS\WinSxS\amd64_microsoft.windows.common-controls_6595b64144ccf1df_6.0.19041.1110_none_60b5254171f9507e\COMCTL32.dll
0x00007ffc682b0000 - 0x00007ffc682d2000 	C:\WINDOWS\System32\win32u.dll
0x00007ffc6a520000 - 0x00007ffc6a54a000 	C:\WINDOWS\System32\GDI32.dll
0x00007ffc68680000 - 0x00007ffc6878b000 	C:\WINDOWS\System32\gdi32full.dll
0x00007ffc68210000 - 0x00007ffc682ad000 	C:\WINDOWS\System32\msvcp_win.dll
0x00007ffc60150000 - 0x00007ffc6015a000 	C:\WINDOWS\SYSTEM32\VERSION.dll
0x00007ffc6a660000 - 0x00007ffc6a690000 	C:\WINDOWS\System32\IMM32.DLL
0x00007ffc622e0000 - 0x00007ffc622ec000 	C:\Program Files\Java\jdk-17.0.2\bin\vcruntime140_1.dll
0x00007ffc32a40000 - 0x00007ffc32acd000 	C:\Program Files\Java\jdk-17.0.2\bin\msvcp140.dll
0x00007ffbebd40000 - 0x00007ffbec901000 	C:\Program Files\Java\jdk-17.0.2\bin\server\jvm.dll
0x00007ffc69440000 - 0x00007ffc69448000 	C:\WINDOWS\System32\PSAPI.DLL
0x00007ffc621b0000 - 0x00007ffc621b9000 	C:\WINDOWS\SYSTEM32\WSOCK32.dll
0x00007ffc4d750000 - 0x00007ffc4d777000 	C:\WINDOWS\SYSTEM32\WINMM.dll
0x00007ffc693d0000 - 0x00007ffc6943b000 	C:\WINDOWS\System32\WS2_32.dll
0x00007ffc65290000 - 0x00007ffc652a2000 	C:\WINDOWS\SYSTEM32\kernel.appcore.dll
0x00007ffc5d4e0000 - 0x00007ffc5d4ea000 	C:\Program Files\Java\jdk-17.0.2\bin\jimage.dll
0x00007ffc67b00000 - 0x00007ffc67ce4000 	C:\WINDOWS\SYSTEM32\DBGHELP.DLL
0x00007ffc67930000 - 0x00007ffc6795c000 	C:\WINDOWS\SYSTEM32\dbgcore.DLL
0x00007ffc685f0000 - 0x00007ffc68672000 	C:\WINDOWS\System32\bcryptPrimitives.dll
0x00007ffc47a00000 - 0x00007ffc47a25000 	C:\Program Files\Java\jdk-17.0.2\bin\java.dll
0x00007ffc25af0000 - 0x00007ffc25bc6000 	C:\Program Files\Java\jdk-17.0.2\bin\jsvml.dll
0x00007ffc69450000 - 0x00007ffc69b94000 	C:\WINDOWS\System32\SHELL32.dll
0x00007ffc65590000 - 0x00007ffc65d24000 	C:\WINDOWS\SYSTEM32\windows.storage.dll
0x00007ffc6a690000 - 0x00007ffc6a9e4000 	C:\WINDOWS\System32\combase.dll
0x00007ffc674d0000 - 0x00007ffc674fc000 	C:\WINDOWS\SYSTEM32\Wldp.dll
0x00007ffc6a5b0000 - 0x00007ffc6a65d000 	C:\WINDOWS\System32\SHCORE.dll
0x00007ffc68d30000 - 0x00007ffc68d85000 	C:\WINDOWS\System32\shlwapi.dll
0x00007ffc68090000 - 0x00007ffc680af000 	C:\WINDOWS\SYSTEM32\profapi.dll
0x00007ffc521f0000 - 0x00007ffc52209000 	C:\Program Files\Java\jdk-17.0.2\bin\net.dll
0x00007ffc57a90000 - 0x00007ffc57b9a000 	C:\WINDOWS\SYSTEM32\WINHTTP.dll
0x00007ffc673a0000 - 0x00007ffc6740a000 	C:\WINDOWS\system32\mswsock.dll
0x00007ffc47c40000 - 0x00007ffc47c56000 	C:\Program Files\Java\jdk-17.0.2\bin\nio.dll
0x00007ffc47860000 - 0x00007ffc47878000 	C:\Program Files\Java\jdk-17.0.2\bin\zip.dll
0x000000006e700000 - 0x000000006e72a000 	C:\Users\feroj\AppData\Local\Temp\libgdxfero\e1cd32f8\gdx64.dll
0x00007ffc620d0000 - 0x00007ffc62134000 	C:\Users\feroj\AppData\Local\Temp\lwjglfero\3.2.3-build-13\lwjgl.dll
0x00007ffc29a00000 - 0x00007ffc29c53000 	C:\Users\feroj\AppData\Local\Temp\lwjglfero\3.2.3-build-13\jemalloc.dll
0x00007ffc49e70000 - 0x00007ffc49ed2000 	C:\Users\feroj\AppData\Local\Temp\lwjglfero\3.2.3-build-13\glfw.dll
0x00007ffc64e90000 - 0x00007ffc64f2e000 	C:\WINDOWS\system32\uxtheme.dll
0x00007ffc47ac0000 - 0x00007ffc47b05000 	C:\WINDOWS\SYSTEM32\dinput8.dll
0x00007ffc07030000 - 0x00007ffc07041000 	C:\WINDOWS\SYSTEM32\xinput1_4.dll
0x00007ffc681c0000 - 0x00007ffc6820e000 	C:\WINDOWS\System32\cfgmgr32.dll
0x00007ffc67f00000 - 0x00007ffc67f2c000 	C:\WINDOWS\SYSTEM32\DEVOBJ.dll
0x00007ffc65080000 - 0x00007ffc650af000 	C:\WINDOWS\SYSTEM32\dwmapi.dll
0x00007ffc5d000000 - 0x00007ffc5d152000 	C:\WINDOWS\SYSTEM32\inputhost.dll
0x00007ffc68bc0000 - 0x00007ffc68c8d000 	C:\WINDOWS\System32\OLEAUT32.dll
0x00007ffc632e0000 - 0x00007ffc63434000 	C:\WINDOWS\SYSTEM32\wintypes.dll
0x00007ffc649a0000 - 0x00007ffc64a92000 	C:\WINDOWS\SYSTEM32\CoreMessaging.dll
0x00007ffc63020000 - 0x00007ffc63116000 	C:\WINDOWS\SYSTEM32\PROPSYS.dll
0x00007ffc642c0000 - 0x00007ffc6461e000 	C:\WINDOWS\SYSTEM32\CoreUIComponents.dll
0x00007ffc67ea0000 - 0x00007ffc67ed3000 	C:\WINDOWS\SYSTEM32\ntmarta.dll
0x00007ffc691b0000 - 0x00007ffc692c5000 	C:\WINDOWS\System32\MSCTF.dll
0x00007ffc65d30000 - 0x00007ffc65d3d000 	C:\WINDOWS\SYSTEM32\HID.DLL
0x00007ffc69ba0000 - 0x00007ffc6a00a000 	C:\WINDOWS\System32\SETUPAPI.DLL
0x00007ffc68a60000 - 0x00007ffc68a87000 	C:\WINDOWS\System32\bcrypt.dll
0x00007ffc68150000 - 0x00007ffc681b8000 	C:\WINDOWS\System32\WINTRUST.dll
0x00007ffc682e0000 - 0x00007ffc68436000 	C:\WINDOWS\System32\CRYPT32.dll
0x00007ffc67910000 - 0x00007ffc67922000 	C:\WINDOWS\SYSTEM32\MSASN1.dll
0x00007ffc326d0000 - 0x00007ffc327db000 	C:\Users\feroj\AppData\Local\Temp\lwjglfero\3.2.3-build-13\OpenAL.dll
0x00007ffc68a90000 - 0x00007ffc68bba000 	C:\WINDOWS\System32\ole32.dll
0x00007ffc69100000 - 0x00007ffc691a9000 	C:\WINDOWS\System32\clbcatq.dll
0x00007ffc5e940000 - 0x00007ffc5e9c5000 	C:\WINDOWS\System32\MMDevApi.dll
0x00007ffc50f90000 - 0x00007ffc51112000 	C:\WINDOWS\SYSTEM32\AUDIOSES.DLL
0x00007ffc67cf0000 - 0x00007ffc67d3b000 	C:\WINDOWS\SYSTEM32\powrprof.dll
0x00007ffc678f0000 - 0x00007ffc67902000 	C:\WINDOWS\SYSTEM32\UMPDC.dll
0x00007ffc64f80000 - 0x00007ffc64f94000 	C:\WINDOWS\SYSTEM32\resourcepolicyclient.dll
0x00007ffc42530000 - 0x00007ffc42656000 	C:\WINDOWS\SYSTEM32\opengl32.dll
0x00007ffc51b80000 - 0x00007ffc51bac000 	C:\WINDOWS\SYSTEM32\GLU32.dll
0x00007ffc61060000 - 0x00007ffc61157000 	C:\Windows\System32\AppXDeploymentClient.dll
0x00007ffc242a0000 - 0x00007ffc252a4000 	C:\WINDOWS\System32\DriverStore\FileRepository\iigd_dch.inf_amd64_7d6ad0397c5dc3fd\ig9icd64.dll
0x00007ffc66420000 - 0x00007ffc66513000 	C:\WINDOWS\system32\dxgi.dll
0x00007ffc5d4f0000 - 0x00007ffc5d52b000 	C:\WINDOWS\SYSTEM32\dxcore.dll
0x00007ffc584d0000 - 0x00007ffc5a830000 	C:\WINDOWS\System32\DriverStore\FileRepository\iigd_dch.inf_amd64_7d6ad0397c5dc3fd\igc64.dll
0x00007ffc5bd80000 - 0x00007ffc5bea0000 	C:\WINDOWS\System32\DriverStore\FileRepository\iigd_dch.inf_amd64_7d6ad0397c5dc3fd\igdgmm64.dll
0x00007ffc49e10000 - 0x00007ffc49e69000 	C:\Users\feroj\AppData\Local\Temp\lwjglfero\3.2.3-build-13\lwjgl_opengl.dll
0x00007ffc5d160000 - 0x00007ffc5d259000 	C:\WINDOWS\SYSTEM32\textinputframework.dll

dbghelp: loaded successfully - version: 4.0.5 - missing functions: none
symbol engine: initialized successfully - sym options: 0x614 - pdb path: .;C:\Program Files\Java\jdk-17.0.2\bin;C:\WINDOWS\SYSTEM32;C:\WINDOWS\WinSxS\amd64_microsoft.windows.common-controls_6595b64144ccf1df_6.0.19041.1110_none_60b5254171f9507e;C:\Program Files\Java\jdk-17.0.2\bin\server;C:\Users\feroj\AppData\Local\Temp\libgdxfero\e1cd32f8;C:\Users\feroj\AppData\Local\Temp\lwjglfero\3.2.3-build-13;C:\WINDOWS\System32\DriverStore\FileRepository\iigd_dch.inf_amd64_7d6ad0397c5dc3fd

VM Arguments:
jvm_args: -Dfile.encoding=windows-1250 -Duser.country=SK -Duser.language=sk -Duser.variant 
java_command: com.dngames.dino.DesktopLauncher
java_class_path (initial): C:\Users\feroj\OneDrive\Dokumenty\Dino Hra\desktop\build\classes\java\main;C:\Users\feroj\OneDrive\Dokumenty\Dino Hra\desktop\build\resources\main;C:\Users\feroj\.gradle\caches\modules-2\files-2.1\com.badlogicgames.gdx\gdx-backend-lwjgl3\1.10.0\600c7d5b2c977daa82c4abad147087b31e0ada87\gdx-backend-lwjgl3-1.10.0.jar;C:\Users\feroj\.gradle\caches\modules-2\files-2.1\com.badlogicgames.gdx\gdx-platform\1.10.0\9a8fa793d2fd6d360afc6c9e4c1f5583da263b88\gdx-platform-1.10.0-natives-desktop.jar;C:\Users\feroj\OneDrive\Dokumenty\Dino Hra\core\build\libs\core-1.0.jar;C:\Users\feroj\.gradle\caches\modules-2\files-2.1\com.badlogicgames.gdx\gdx\1.10.0\74c240f79dc4fb6b766a834249600d0a019d0489\gdx-1.10.0.jar;C:\Users\feroj\.gradle\caches\modules-2\files-2.1\org.lwjgl\lwjgl-glfw\3.2.3\5e520d5c290c8b012545a8d34fa5db5ab051ea53\lwjgl-glfw-3.2.3.jar;C:\Users\feroj\.gradle\caches\modules-2\files-2.1\org.lwjgl\lwjgl-glfw\3.2.3\b4d8a3477cdc2edcf7a5f1e822926be846223f54\lwjgl-glfw-3.2.3-natives-windows.jar;C:\Users\feroj\.gradle\caches\modules-2\files-2.1\org.lwjgl\lwjgl-glfw\3.2.3\795d81329f65679ee6d299373cbea7fffc56b6ed\lwjgl-glfw-3.2.3-natives-windows-x86.jar;C:\Users\feroj\.gradle\caches\modules-2\files-2.1\org.lwjgl\lwjgl-glfw\3.2.3\62b044d9b0a057444bef2ab70b9afc288ec09dba\lwjgl-glfw-3.2.3-natives-linux.jar;C:\Users\feroj\.gradle\caches\modules-2\files-2.1\org.lwjgl\lwjgl-glfw\3.2.3\aab1a5a1e21eca87f4acd5ba055f6bfd5d90951c\lwjgl-glfw-3.2.3-natives-linux-arm32.jar;C:\Users\feroj\.gradle\caches\modules-2\files-2.1\org.lwjgl\lwjgl-glfw\3.2.3\5149002edd12c9a7f62fb053d0ca8ea05a45f83\lwjgl-glfw-3.2.3-natives-linux-arm64.jar;C:\Users\feroj\.gradle\caches\modules-2\files-2.1\org.lwjgl\lwjgl-glfw\3.2.3\58661272eacb9116336c88b4aadccf1f17c09b\lwjgl-glfw-3.2.3-natives-macos.jar;C:\Users\feroj\.gradle\caches\modules-2\files-2.1\org.lwjgl\lwjgl-jemalloc\3.2.3\b6fd0932171ba3f2eaa4547beddca3a3e645342d\lwjgl-jemalloc-3.2.3.jar;C:\Users\feroj\.gradle\caches\modules-2\files-2.1\
Launcher Type: SUN_STANDARD

[Global flags]
     intx CICompilerCount                          = 4                                         {product} {ergonomic}
     uint ConcGCThreads                            = 2                                         {product} {ergonomic}
     uint G1ConcRefinementThreads                  = 8                                         {product} {ergonomic}
   size_t G1HeapRegionSize                         = 1048576                                   {product} {ergonomic}
    uintx GCDrainStackTargetSize                   = 64                                        {product} {ergonomic}
   size_t InitialHeapSize                          = 132120576                                 {product} {ergonomic}
   size_t MarkStackSize                            = 4194304                                   {product} {ergonomic}
   size_t MaxHeapSize                              = 2107637760                                {product} {ergonomic}
   size_t MaxNewSize                               = 1264582656                                {product} {ergonomic}
   size_t MinHeapDeltaBytes                        = 1048576                                   {product} {ergonomic}
   size_t MinHeapSize                              = 8388608                                   {product} {ergonomic}
    uintx NonNMethodCodeHeapSize                   = 5839372                                {pd product} {ergonomic}
    uintx NonProfiledCodeHeapSize                  = 122909434                              {pd product} {ergonomic}
    uintx ProfiledCodeHeapSize                     = 122909434                              {pd product} {ergonomic}
    uintx ReservedCodeCacheSize                    = 251658240                              {pd product} {ergonomic}
     bool SegmentedCodeCache                       = true                                      {product} {ergonomic}
   size_t SoftMaxHeapSize                          = 2107637760                             {manageable} {ergonomic}
     bool UseCompressedClassPointers               = true                           {product lp64_product} {ergonomic}
     bool UseCompressedOops                        = true                           {product lp64_product} {ergonomic}
     bool UseG1GC                                  = true                                      {product} {ergonomic}
     bool UseLargePagesIndividualAllocation        = false                                  {pd product} {ergonomic}

Logging:
Log output configuration:
 #0: stdout all=warning uptime,level,tags
 #1: stderr all=off uptime,level,tags

Environment Variables:
JAVA_HOME=C:\Program Files\Java\jdk-17.0.2
PATH=C:\Program Files\Common Files\Oracle\Java\javapath;C:\Program Files (x86)\Common Files\Oracle\Java\javapath;C:\ProgramData\Oracle\Java\javapath;C:\Windows\system32;C:\Windows;C:\Windows\System32\Wbem;C:\Windows\System32\WindowsPowerShell\v1.0\;C:\Windows\System32\OpenSSH\;C:\Program Files (x86)\NVIDIA Corporation\PhysX\Common;C:\Program Files\NVIDIA Corporation\NVIDIA NvDLISR;C:\WINDOWS\system32;C:\WINDOWS;C:\WINDOWS\System32\Wbem;C:\WINDOWS\System32\WindowsPowerShell\v1.0\;C:\WINDOWS\System32\OpenSSH\;C:\Users\feroj\AppData\Local\Microsoft\WindowsApps;;C:\Users\feroj\AppData\Local\Programs\Microsoft VS Code\bin
USERNAME=fero
OS=Windows_NT
PROCESSOR_IDENTIFIER=Intel64 Family 6 Model 158 Stepping 10, GenuineIntel



---------------  S Y S T E M  ---------------

OS:
 Windows 10 , 64 bit Build 19041 (10.0.19041.1645)
OS uptime: 2 days 20:17 hours

CPU: total 8 (initial active 8) (4 cores per cpu, 2 threads per core) family 6 model 158 stepping 10 microcode 0xb4, cx8, cmov, fxsr, ht, mmx, 3dnowpref, sse, sse2, sse3, ssse3, sse4.1, sse4.2, popcnt, lzcnt, tsc, tscinvbit, avx, avx2, aes, erms, clmul, bmi1, bmi2, adx, fma, vzeroupper, clflush, clflushopt

Memory: 4k page, system-wide physical 8034M (1909M free)
TotalPageFile size 21858M (AvailPageFile size 11951M)
current process WorkingSet (physical memory assigned to process): 120M, peak: 127M
current process commit charge ("private bytes"): 255M, peak: 261M

vm_info: Java HotSpot(TM) 64-Bit Server VM (17.0.2+8-LTS-86) for windows-amd64 JRE (17.0.2+8-LTS-86), built on Dec  7 2021 21:51:03 by "mach5one" with MS VC++ 16.8 / 16.9 (VS2019)

END.
